2017-10-12 15:34:29 Error: [PDOException] SQLSTATE[HY000] [2002] Se produjo un error durante el intento de conexión ya que la parte conectada no respondió adecuadamente tras un periodo de tiempo, o bien se produjo un error en la conexión establecida ya que el host conectado no ha podido responder.
 in C:\xampp\htdocs\control\vendor\cakephp\cakephp\src\Database\Driver\PDODriverTrait.php on line 47
Stack Trace:
#0 C:\xampp\htdocs\control\vendor\cakephp\cakephp\src\Database\Driver\PDODriverTrait.php(47): PDO->__construct('mysql:host=10.1...', 'root', '', Array)
#1 C:\xampp\htdocs\control\vendor\cakephp\cakephp\src\Database\Driver\Mysql.php(104): Cake\Database\Driver\Mysql->_connect('mysql:host=10.1...', Array)
#2 C:\xampp\htdocs\control\vendor\cakephp\cakephp\src\Database\Schema\BaseSchema.php(45): Cake\Database\Driver\Mysql->connect()
#3 C:\xampp\htdocs\control\vendor\cakephp\cakephp\src\Database\Dialect\MysqlDialectTrait.php(63): Cake\Database\Schema\BaseSchema->__construct(Object(Cake\Database\Driver\Mysql))
#4 C:\xampp\htdocs\control\vendor\cakephp\cakephp\src\Database\Schema\Collection.php(52): Cake\Database\Driver\Mysql->schemaDialect()
#5 C:\xampp\htdocs\control\vendor\cakephp\cakephp\src\Database\Schema\CachedCollection.php(42): Cake\Database\Schema\Collection->__construct(Object(Cake\Database\Connection))
#6 C:\xampp\htdocs\control\vendor\cakephp\cakephp\src\Database\Connection.php(368): Cake\Database\Schema\CachedCollection->__construct(Object(Cake\Database\Connection), true)
#7 C:\xampp\htdocs\control\vendor\cakephp\cakephp\src\Database\Connection.php(387): Cake\Database\Connection->getSchemaCollection()
#8 C:\xampp\htdocs\control\vendor\cakephp\bake\src\Shell\Task\ModelTask.php(1016): Cake\Database\Connection->schemaCollection()
#9 C:\xampp\htdocs\control\vendor\cakephp\bake\src\Shell\Task\ModelTask.php(968): Bake\Shell\Task\ModelTask->_getAllTables()
#10 C:\xampp\htdocs\control\vendor\cakephp\bake\src\Shell\Task\ModelTask.php(983): Bake\Shell\Task\ModelTask->listAll()
#11 C:\xampp\htdocs\control\vendor\cakephp\bake\src\Shell\BakeShell.php(250): Bake\Shell\Task\ModelTask->listUnskipped()
#12 C:\xampp\htdocs\control\vendor\cakephp\cakephp\src\Console\Shell.php(494): Bake\Shell\BakeShell->all()
#13 C:\xampp\htdocs\control\vendor\cakephp\cakephp\src\Console\CommandRunner.php(140): Cake\Console\Shell->runCommand(Array, true)
#14 C:\xampp\htdocs\control\bin\cake.php(12): Cake\Console\CommandRunner->run(Array)
#15 {main}


2017-10-12 15:35:09 Error: [PDOException] SQLSTATE[HY000] [2002] Se produjo un error durante el intento de conexión ya que la parte conectada no respondió adecuadamente tras un periodo de tiempo, o bien se produjo un error en la conexión establecida ya que el host conectado no ha podido responder.
 in C:\xampp\htdocs\control\vendor\cakephp\cakephp\src\Database\Driver\PDODriverTrait.php on line 47
Stack Trace:
#0 C:\xampp\htdocs\control\vendor\cakephp\cakephp\src\Database\Driver\PDODriverTrait.php(47): PDO->__construct('mysql:host=10.1...', 'root', '', Array)
#1 C:\xampp\htdocs\control\vendor\cakephp\cakephp\src\Database\Driver\Mysql.php(104): Cake\Database\Driver\Mysql->_connect('mysql:host=10.1...', Array)
#2 C:\xampp\htdocs\control\vendor\cakephp\cakephp\src\Database\Schema\BaseSchema.php(45): Cake\Database\Driver\Mysql->connect()
#3 C:\xampp\htdocs\control\vendor\cakephp\cakephp\src\Database\Dialect\MysqlDialectTrait.php(63): Cake\Database\Schema\BaseSchema->__construct(Object(Cake\Database\Driver\Mysql))
#4 C:\xampp\htdocs\control\vendor\cakephp\cakephp\src\Database\Schema\Collection.php(52): Cake\Database\Driver\Mysql->schemaDialect()
#5 C:\xampp\htdocs\control\vendor\cakephp\cakephp\src\Database\Schema\CachedCollection.php(42): Cake\Database\Schema\Collection->__construct(Object(Cake\Database\Connection))
#6 C:\xampp\htdocs\control\vendor\cakephp\cakephp\src\Database\Connection.php(368): Cake\Database\Schema\CachedCollection->__construct(Object(Cake\Database\Connection), true)
#7 C:\xampp\htdocs\control\vendor\cakephp\cakephp\src\Database\Connection.php(387): Cake\Database\Connection->getSchemaCollection()
#8 C:\xampp\htdocs\control\vendor\cakephp\bake\src\Shell\Task\ModelTask.php(1016): Cake\Database\Connection->schemaCollection()
#9 C:\xampp\htdocs\control\vendor\cakephp\bake\src\Shell\Task\ModelTask.php(968): Bake\Shell\Task\ModelTask->_getAllTables()
#10 C:\xampp\htdocs\control\vendor\cakephp\bake\src\Shell\Task\ModelTask.php(983): Bake\Shell\Task\ModelTask->listAll()
#11 C:\xampp\htdocs\control\vendor\cakephp\bake\src\Shell\BakeShell.php(237): Bake\Shell\Task\ModelTask->listUnskipped()
#12 C:\xampp\htdocs\control\vendor\cakephp\cakephp\src\Console\Shell.php(494): Bake\Shell\BakeShell->all()
#13 C:\xampp\htdocs\control\vendor\cakephp\cakephp\src\Console\CommandRunner.php(140): Cake\Console\Shell->runCommand(Array, true)
#14 C:\xampp\htdocs\control\bin\cake.php(12): Cake\Console\CommandRunner->run(Array)
#15 {main}


2017-10-12 15:35:10 Error: [PDOException] SQLSTATE[HY000] [1045] Access denied for user 'root'@'10.105.160.6' (using password: NO) in C:\xampp\htdocs\control\vendor\cakephp\cakephp\src\Database\Driver\PDODriverTrait.php on line 47
Stack Trace:
#0 C:\xampp\htdocs\control\vendor\cakephp\cakephp\src\Database\Driver\PDODriverTrait.php(47): PDO->__construct('mysql:host=10.1...', 'root', '', Array)
#1 C:\xampp\htdocs\control\vendor\cakephp\cakephp\src\Database\Driver\Mysql.php(104): Cake\Database\Driver\Mysql->_connect('mysql:host=10.1...', Array)
#2 C:\xampp\htdocs\control\vendor\cakephp\cakephp\src\Database\Schema\BaseSchema.php(45): Cake\Database\Driver\Mysql->connect()
#3 C:\xampp\htdocs\control\vendor\cakephp\cakephp\src\Database\Dialect\MysqlDialectTrait.php(63): Cake\Database\Schema\BaseSchema->__construct(Object(Cake\Database\Driver\Mysql))
#4 C:\xampp\htdocs\control\vendor\cakephp\cakephp\src\Database\Schema\Collection.php(52): Cake\Database\Driver\Mysql->schemaDialect()
#5 C:\xampp\htdocs\control\vendor\cakephp\cakephp\src\Database\Schema\CachedCollection.php(42): Cake\Database\Schema\Collection->__construct(Object(Cake\Database\Connection))
#6 C:\xampp\htdocs\control\vendor\cakephp\cakephp\src\Database\Connection.php(368): Cake\Database\Schema\CachedCollection->__construct(Object(Cake\Database\Connection), true)
#7 C:\xampp\htdocs\control\vendor\cakephp\cakephp\src\Database\Connection.php(387): Cake\Database\Connection->getSchemaCollection()
#8 C:\xampp\htdocs\control\vendor\cakephp\bake\src\Shell\Task\ModelTask.php(1016): Cake\Database\Connection->schemaCollection()
#9 C:\xampp\htdocs\control\vendor\cakephp\bake\src\Shell\Task\ModelTask.php(968): Bake\Shell\Task\ModelTask->_getAllTables()
#10 C:\xampp\htdocs\control\vendor\cakephp\bake\src\Shell\Task\ModelTask.php(983): Bake\Shell\Task\ModelTask->listAll()
#11 C:\xampp\htdocs\control\vendor\cakephp\bake\src\Shell\BakeShell.php(250): Bake\Shell\Task\ModelTask->listUnskipped()
#12 C:\xampp\htdocs\control\vendor\cakephp\cakephp\src\Console\Shell.php(494): Bake\Shell\BakeShell->all()
#13 C:\xampp\htdocs\control\vendor\cakephp\cakephp\src\Console\CommandRunner.php(140): Cake\Console\Shell->runCommand(Array, true)
#14 C:\xampp\htdocs\control\bin\cake.php(12): Cake\Console\CommandRunner->run(Array)
#15 {main}


2017-10-12 15:35:13 Error: [PDOException] SQLSTATE[HY000] [1045] Access denied for user 'root'@'10.105.160.6' (using password: NO) in C:\xampp\htdocs\control\vendor\cakephp\cakephp\src\Database\Driver\PDODriverTrait.php on line 47
Stack Trace:
#0 C:\xampp\htdocs\control\vendor\cakephp\cakephp\src\Database\Driver\PDODriverTrait.php(47): PDO->__construct('mysql:host=10.1...', 'root', '', Array)
#1 C:\xampp\htdocs\control\vendor\cakephp\cakephp\src\Database\Driver\Mysql.php(104): Cake\Database\Driver\Mysql->_connect('mysql:host=10.1...', Array)
#2 C:\xampp\htdocs\control\vendor\cakephp\cakephp\src\Database\Schema\BaseSchema.php(45): Cake\Database\Driver\Mysql->connect()
#3 C:\xampp\htdocs\control\vendor\cakephp\cakephp\src\Database\Dialect\MysqlDialectTrait.php(63): Cake\Database\Schema\BaseSchema->__construct(Object(Cake\Database\Driver\Mysql))
#4 C:\xampp\htdocs\control\vendor\cakephp\cakephp\src\Database\Schema\Collection.php(52): Cake\Database\Driver\Mysql->schemaDialect()
#5 C:\xampp\htdocs\control\vendor\cakephp\cakephp\src\Database\Schema\CachedCollection.php(42): Cake\Database\Schema\Collection->__construct(Object(Cake\Database\Connection))
#6 C:\xampp\htdocs\control\vendor\cakephp\cakephp\src\Database\Connection.php(368): Cake\Database\Schema\CachedCollection->__construct(Object(Cake\Database\Connection), true)
#7 C:\xampp\htdocs\control\vendor\cakephp\cakephp\src\Database\Connection.php(387): Cake\Database\Connection->getSchemaCollection()
#8 C:\xampp\htdocs\control\vendor\cakephp\bake\src\Shell\Task\ModelTask.php(1016): Cake\Database\Connection->schemaCollection()
#9 C:\xampp\htdocs\control\vendor\cakephp\bake\src\Shell\Task\ModelTask.php(968): Bake\Shell\Task\ModelTask->_getAllTables()
#10 C:\xampp\htdocs\control\vendor\cakephp\bake\src\Shell\Task\ModelTask.php(983): Bake\Shell\Task\ModelTask->listAll()
#11 C:\xampp\htdocs\control\vendor\cakephp\bake\src\Shell\BakeShell.php(250): Bake\Shell\Task\ModelTask->listUnskipped()
#12 C:\xampp\htdocs\control\vendor\cakephp\cakephp\src\Console\Shell.php(494): Bake\Shell\BakeShell->all()
#13 C:\xampp\htdocs\control\vendor\cakephp\cakephp\src\Console\CommandRunner.php(140): Cake\Console\Shell->runCommand(Array, true)
#14 C:\xampp\htdocs\control\bin\cake.php(12): Cake\Console\CommandRunner->run(Array)
#15 {main}


2017-10-12 15:35:19 Error: [PDOException] SQLSTATE[HY000] [1045] Access denied for user 'root'@'10.105.160.6' (using password: NO) in C:\xampp\htdocs\control\vendor\cakephp\cakephp\src\Database\Driver\PDODriverTrait.php on line 47
Stack Trace:
#0 C:\xampp\htdocs\control\vendor\cakephp\cakephp\src\Database\Driver\PDODriverTrait.php(47): PDO->__construct('mysql:host=10.1...', 'root', '', Array)
#1 C:\xampp\htdocs\control\vendor\cakephp\cakephp\src\Database\Driver\Mysql.php(104): Cake\Database\Driver\Mysql->_connect('mysql:host=10.1...', Array)
#2 C:\xampp\htdocs\control\vendor\cakephp\cakephp\src\Database\Schema\BaseSchema.php(45): Cake\Database\Driver\Mysql->connect()
#3 C:\xampp\htdocs\control\vendor\cakephp\cakephp\src\Database\Dialect\MysqlDialectTrait.php(63): Cake\Database\Schema\BaseSchema->__construct(Object(Cake\Database\Driver\Mysql))
#4 C:\xampp\htdocs\control\vendor\cakephp\cakephp\src\Database\Schema\Collection.php(52): Cake\Database\Driver\Mysql->schemaDialect()
#5 C:\xampp\htdocs\control\vendor\cakephp\cakephp\src\Database\Schema\CachedCollection.php(42): Cake\Database\Schema\Collection->__construct(Object(Cake\Database\Connection))
#6 C:\xampp\htdocs\control\vendor\cakephp\cakephp\src\Database\Connection.php(368): Cake\Database\Schema\CachedCollection->__construct(Object(Cake\Database\Connection), true)
#7 C:\xampp\htdocs\control\vendor\cakephp\cakephp\src\Database\Connection.php(387): Cake\Database\Connection->getSchemaCollection()
#8 C:\xampp\htdocs\control\vendor\cakephp\bake\src\Shell\Task\ModelTask.php(1016): Cake\Database\Connection->schemaCollection()
#9 C:\xampp\htdocs\control\vendor\cakephp\bake\src\Shell\Task\ModelTask.php(968): Bake\Shell\Task\ModelTask->_getAllTables()
#10 C:\xampp\htdocs\control\vendor\cakephp\bake\src\Shell\Task\ModelTask.php(983): Bake\Shell\Task\ModelTask->listAll()
#11 C:\xampp\htdocs\control\vendor\cakephp\bake\src\Shell\BakeShell.php(237): Bake\Shell\Task\ModelTask->listUnskipped()
#12 C:\xampp\htdocs\control\vendor\cakephp\cakephp\src\Console\Shell.php(494): Bake\Shell\BakeShell->all()
#13 C:\xampp\htdocs\control\vendor\cakephp\cakephp\src\Console\CommandRunner.php(140): Cake\Console\Shell->runCommand(Array, true)
#14 C:\xampp\htdocs\control\bin\cake.php(12): Cake\Console\CommandRunner->run(Array)
#15 {main}


